Start testing: Oct 31 22:34 -05
----------------------------------------------------------
1/1 Testing: HelloTest.BasicAssertions
1/1 Test: HelloTest.BasicAssertions
Command: "/home/karlo/Escritorio/TO/stack/my_project/build/hello_test" "--gtest_filter=HelloTest.BasicAssertions" "--gtest_also_run_disabled_tests"
Directory: /home/karlo/Escritorio/TO/stack/my_project/build
"HelloTest.BasicAssertions" start time: Oct 31 22:34 -05
Output:
----------------------------------------------------------
Running main() from /home/karlo/Escritorio/TO/stack/my_project/build/_deps/googletest-src/googletest/src/gtest_main.cc
Note: Google Test filter = HelloTest.BasicAssertions
[==========] Running 1 test from 1 test suite.
[----------] Global test environment set-up.
[----------] 1 test from HelloTest
[ RUN      ] HelloTest.BasicAssertions
hello_test: /home/karlo/Escritorio/TO/stack/my_project/prueba.cc:3: int sum(int, int): Assertion `a>b' failed.
<end of output>
Test time =   0.15 sec
----------------------------------------------------------
Test Failed.
"HelloTest.BasicAssertions" end time: Oct 31 22:34 -05
"HelloTest.BasicAssertions" time elapsed: 00:00:00
----------------------------------------------------------

End testing: Oct 31 22:34 -05
