Start testing: Nov 02 02:33 -05
----------------------------------------------------------
1/3 Testing: Stack.Assertions
1/3 Test: Stack.Assertions
Command: "/home/karlo/Escritorio/TO/stack/my_project/build/hello_test" "--gtest_filter=Stack.Assertions" "--gtest_also_run_disabled_tests"
Directory: /home/karlo/Escritorio/TO/stack/my_project/build
"Stack.Assertions" start time: Nov 02 02:33 -05
Output:
----------------------------------------------------------
Running main() from /home/karlo/Escritorio/TO/stack/my_project/build/_deps/googletest-src/googletest/src/gtest_main.cc
Note: Google Test filter = Stack.Assertions
[==========] Running 1 test from 1 test suite.
[----------] Global test environment set-up.
[----------] 1 test from Stack
[ RUN      ] Stack.Assertions
[       OK ] Stack.Assertions (0 ms)
[----------] 1 test from Stack (0 ms total)

[----------] Global test environment tear-down
[==========] 1 test from 1 test suite ran. (0 ms total)
[  PASSED  ] 1 test.
<end of output>
Test time =   0.00 sec
----------------------------------------------------------
Test Passed.
"Stack.Assertions" end time: Nov 02 02:33 -05
"Stack.Assertions" time elapsed: 00:00:00
----------------------------------------------------------

2/3 Testing: ArrayStack.Assertions
2/3 Test: ArrayStack.Assertions
Command: "/home/karlo/Escritorio/TO/stack/my_project/build/hello_test" "--gtest_filter=ArrayStack.Assertions" "--gtest_also_run_disabled_tests"
Directory: /home/karlo/Escritorio/TO/stack/my_project/build
"ArrayStack.Assertions" start time: Nov 02 02:33 -05
Output:
----------------------------------------------------------
Running main() from /home/karlo/Escritorio/TO/stack/my_project/build/_deps/googletest-src/googletest/src/gtest_main.cc
Note: Google Test filter = ArrayStack.Assertions
[==========] Running 1 test from 1 test suite.
[----------] Global test environment set-up.
[----------] 1 test from ArrayStack
[ RUN      ] ArrayStack.Assertions
[       OK ] ArrayStack.Assertions (0 ms)
[----------] 1 test from ArrayStack (0 ms total)

[----------] Global test environment tear-down
[==========] 1 test from 1 test suite ran. (0 ms total)
[  PASSED  ] 1 test.
<end of output>
Test time =   0.00 sec
----------------------------------------------------------
Test Passed.
"ArrayStack.Assertions" end time: Nov 02 02:33 -05
"ArrayStack.Assertions" time elapsed: 00:00:00
----------------------------------------------------------

3/3 Testing: List.Assertions
3/3 Test: List.Assertions
Command: "/home/karlo/Escritorio/TO/stack/my_project/build/hello_test" "--gtest_filter=List.Assertions" "--gtest_also_run_disabled_tests"
Directory: /home/karlo/Escritorio/TO/stack/my_project/build
"List.Assertions" start time: Nov 02 02:33 -05
Output:
----------------------------------------------------------
Running main() from /home/karlo/Escritorio/TO/stack/my_project/build/_deps/googletest-src/googletest/src/gtest_main.cc
Note: Google Test filter = List.Assertions
[==========] Running 1 test from 1 test suite.
[----------] Global test environment set-up.
[----------] 1 test from List
[ RUN      ] List.Assertions
[       OK ] List.Assertions (0 ms)
[----------] 1 test from List (0 ms total)

[----------] Global test environment tear-down
[==========] 1 test from 1 test suite ran. (0 ms total)
[  PASSED  ] 1 test.
<end of output>
Test time =   0.00 sec
----------------------------------------------------------
Test Passed.
"List.Assertions" end time: Nov 02 02:33 -05
"List.Assertions" time elapsed: 00:00:00
----------------------------------------------------------

End testing: Nov 02 02:33 -05
