Start testing: Oct 31 22:15 -05
----------------------------------------------------------
1/1 Testing: HelloTest.BasicAssertions
1/1 Test: HelloTest.BasicAssertions
Command: "/home/karlo/Escritorio/TO/stack/my_project/build/hello_test" "--gtest_filter=HelloTest.BasicAssertions" "--gtest_also_run_disabled_tests"
Directory: /home/karlo/Escritorio/TO/stack/my_project/build
"HelloTest.BasicAssertions" start time: Oct 31 22:15 -05
Output:
----------------------------------------------------------
Running main() from /home/karlo/Escritorio/TO/stack/my_project/build/_deps/googletest-src/googletest/src/gtest_main.cc
Note: Google Test filter = HelloTest.BasicAssertions
[==========] Running 1 test from 1 test suite.
[----------] Global test environment set-up.
[----------] 1 test from HelloTest
[ RUN      ] HelloTest.BasicAssertions
/home/karlo/Escritorio/TO/stack/my_project/hello_test.cc:9: Failure
Expected equality of these values:
  sum(1,2)
    Which is: 3
  5
[  FAILED  ] HelloTest.BasicAssertions (0 ms)
[----------] 1 test from HelloTest (0 ms total)

[----------] Global test environment tear-down
[==========] 1 test from 1 test suite ran. (0 ms total)
[  PASSED  ] 0 tests.
[  FAILED  ] 1 test, listed below:
[  FAILED  ] HelloTest.BasicAssertions

 1 FAILED TEST
<end of output>
Test time =   0.00 sec
----------------------------------------------------------
Test Failed.
"HelloTest.BasicAssertions" end time: Oct 31 22:15 -05
"HelloTest.BasicAssertions" time elapsed: 00:00:00
----------------------------------------------------------

End testing: Oct 31 22:15 -05
